<?xml version="1.0" encoding="utf-8"?><testsuites name="pytest tests"><testsuite name="pytest" errors="0" failures="0" skipped="0" tests="7" time="5.489" timestamp="2026-07-08T11:50:19.224845+00:00" hostname="agent-env-85e5ff70-2ba2-4cc5-bcaf-01dfad592bba"><testcase classname="tests.backend_test.TestTacho" name="test_create_list_edit_delete_and_statuses" time="1.591" /><testcase classname="tests.backend_test.TestTacho" name="test_log_download_advances_next_due" time="0.598" /><testcase classname="tests.backend_test.TestTacho" name="test_log_download_missing_record_returns_404" time="0.106" /><testcase classname="tests.backend_test.TestTacho" name="test_edit_missing_returns_404" time="0.096" /><testcase classname="tests.backend_test.TestTacho" name="test_requires_auth" time="0.801" /><testcase classname="tests.backend_test.TestTacho" name="test_dashboard_and_calendar_include_tacho" time="0.424" /><testcase classname="tests.backend_test.TestTacho" name="test_isolation_between_users" time="1.149" /></testsuite></testsuites>