<?xml version="1.0" encoding="utf-8"?><testsuites name="pytest tests"><testsuite name="pytest" errors="0" failures="1" skipped="1" tests="9" time="2.306" timestamp="2026-07-20T07:22:17.210463+00:00" hostname="agent-env-85e5ff70-2ba2-4cc5-bcaf-01dfad592bba"><testcase classname="tests.test_iter29_refactor_and_audit.TestTachoRegression" name="test_import_tacho_engine" time="0.001" /><testcase classname="tests.test_iter29_refactor_and_audit.TestTachoRegression" name="test_server_imports_from_tacho_engine" time="0.001" /><testcase classname="tests.test_iter29_refactor_and_audit.TestTachoRegression" name="test_get_tacho_list" time="0.411" /><testcase classname="tests.test_iter29_refactor_and_audit.TestTachoRegression" name="test_tacho_crud_flow" time="0.246" /><testcase classname="tests.test_iter29_refactor_and_audit.TestTachoRegression" name="test_tacho_report_pdf" time="0.414"><skipped type="pytest.skip" message="/reports/tacho returned 500 — likely PDF layout issue, not refactor-related">/app/backend/tests/test_iter29_refactor_and_audit.py:127: /reports/tacho returned 500 — likely PDF layout issue, not refactor-related</skipped></testcase><testcase classname="tests.test_iter29_refactor_and_audit.TestAuditIncludesWeekly" name="test_audit_json_contains_weekly_walkaround_heading" time="0.191" /><testcase classname="tests.test_iter29_refactor_and_audit.TestAuditIncludesWeekly" name="test_audit_pdf_returns_pdf" time="0.306"><failure message="AssertionError: 500 Internal Server Error&#10;assert 500 == 200&#10; +  where 500 = &lt;Response [500]&gt;.status_code">tests/test_iter29_refactor_and_audit.py:176: in test_audit_pdf_returns_pdf
    assert r.status_code == 200, f"{r.status_code} {r.text[:200]}"
E   AssertionError: 500 Internal Server Error
E   assert 500 == 200
E    +  where 500 = &lt;Response [500]&gt;.status_code</failure></testcase><testcase classname="tests.test_iter29_refactor_and_audit.TestAuditIncludesWeekly" name="test_weekly_walkaround_report_pdf" time="0.438" /><testcase classname="tests.test_iter29_refactor_and_audit.TestDriverAccessCode" name="test_generate_access_code" time="0.218" /></testsuite></testsuites>