<?xml version="1.0" encoding="utf-8"?><testsuites name="pytest tests"><testsuite name="pytest" errors="0" failures="0" skipped="0" tests="14" time="2.925" timestamp="2026-07-08T18:26:55.704903+00:00" hostname="agent-env-85e5ff70-2ba2-4cc5-bcaf-01dfad592bba"><testcase classname="tests.test_iter17_trade_unions.TestOfficeRegression" name="test_insurance_list" time="0.914" /><testcase classname="tests.test_iter17_trade_unions.TestTradeUnionsCRUD" name="test_list_empty_or_ok" time="0.975" /><testcase classname="tests.test_iter17_trade_unions.TestOfficeRegression" name="test_documents_list" time="0.144" /><testcase classname="tests.test_iter17_trade_unions.TestTradeUnionsCRUD" name="test_create_full_payload_and_verify_persistence" time="0.213" /><testcase classname="tests.test_iter17_trade_unions.TestOfficeRegression" name="test_training_list" time="0.095" /><testcase classname="tests.test_iter17_trade_unions.TestOfficeRegression" name="test_links_list" time="0.094" /><testcase classname="tests.test_iter17_trade_unions.TestTradeUnionsCRUD" name="test_create_minimal_only_union_name" time="0.247" /><testcase classname="tests.test_iter17_trade_unions.TestTradeUnionsAuth" name="test_unauthenticated_get_rejected" time="0.141" /><testcase classname="tests.test_iter17_trade_unions.TestTradeUnionsAuth" name="test_unauthenticated_post_rejected" time="0.088" /><testcase classname="tests.test_iter17_trade_unions.TestTradeUnionsCRUD" name="test_create_missing_union_name_rejected" time="0.098" /><testcase classname="tests.test_iter17_trade_unions.TestTradeUnionsCRUD" name="test_update_and_verify_persistence" time="0.372" /><testcase classname="tests.test_iter17_trade_unions.TestTradeUnionsAuth" name="test_user_scoping_isolation" time="0.936" /><testcase classname="tests.test_iter17_trade_unions.TestTradeUnionsCRUD" name="test_update_nonexistent_returns_404" time="0.102" /><testcase classname="tests.test_iter17_trade_unions.TestTradeUnionsCRUD" name="test_delete_and_verify_removal" time="0.363" /></testsuite></testsuites>