<?xml version="1.0" encoding="utf-8"?><testsuites name="pytest tests"><testsuite name="pytest" errors="0" failures="0" skipped="0" tests="8" time="8.129" timestamp="2026-07-08T18:20:07.213017+00:00" hostname="agent-env-85e5ff70-2ba2-4cc5-bcaf-01dfad592bba"><testcase classname="tests.test_iter16_tacho_soon_days.TestRegressionEndpoints" name="test_dashboard_stats_shape" time="0.628" /><testcase classname="tests.test_iter16_tacho_soon_days.TestTachoFarNotDueSoon" name="test_fresh_download_28_days_out_is_valid" time="6.282" /><testcase classname="tests.test_iter16_tacho_soon_days.TestRegressionEndpoints" name="test_tacho_list_shape" time="0.105" /><testcase classname="tests.test_iter16_tacho_soon_days.TestRegressionEndpoints" name="test_calendar_shape" time="0.101" /><testcase classname="tests.test_iter16_tacho_soon_days.TestRegressionEndpoints" name="test_risk_insight_shape" time="4.601" /><testcase classname="tests.test_iter16_tacho_soon_days.TestTachoBoundary10DaysValid" name="test_10_days_out_is_valid" time="0.918" /><testcase classname="tests.test_iter16_tacho_soon_days.TestTachoNearIsDueSoon" name="test_download_23_days_ago_is_due_soon" time="1.321" /><testcase classname="tests.test_iter16_tacho_soon_days.TestVehicleMotStill30DayWindow" name="test_vehicle_mot_20_days_out_is_due_soon" time="1.187" /></testsuite></testsuites>