<?xml version="1.0" encoding="utf-8"?><testsuites name="pytest tests"><testsuite name="pytest" errors="0" failures="0" skipped="0" tests="6" time="7.719" timestamp="2026-07-08T12:12:49.665237+00:00" hostname="agent-env-85e5ff70-2ba2-4cc5-bcaf-01dfad592bba"><testcase classname="tests.backend_test.TestTachoParse" name="test_parse_binary_ddd_returns_embedded_timestamp" time="1.003" /><testcase classname="tests.backend_test.TestTachoParse" name="test_parse_text_report_returns_ai_extraction" time="4.026" /><testcase classname="tests.backend_test.TestTachoParse" name="test_parse_requires_auth" time="0.143" /><testcase classname="tests.backend_test.TestTachoParse" name="test_parse_unknown_file_returns_404" time="0.097" /><testcase classname="tests.backend_test.TestTachoParse" name="test_parse_foreign_file_returns_404" time="0.689" /><testcase classname="tests.backend_test.TestTachoParse" name="test_end_to_end_upload_parse_and_create_tacho_record" time="0.920" /></testsuite></testsuites>