<?xml version="1.0" encoding="utf-8"?><testsuites name="pytest tests"><testsuite name="pytest" errors="0" failures="0" skipped="0" tests="15" time="5.175" timestamp="2026-07-25T22:12:41.739750+00:00" hostname="agent-env-85e5ff70-2ba2-4cc5-bcaf-01dfad592bba"><testcase classname="tests.test_iter30_viewer_vor_repairs_weekly.TestViewerRole" name="test_a_invite_viewer_and_accept" time="1.315" /><testcase classname="tests.test_iter30_viewer_vor_repairs_weekly.TestViewerRole" name="test_b_viewer_sees_owner_vehicles" time="0.226" /><testcase classname="tests.test_iter30_viewer_vor_repairs_weekly.TestViewerRole" name="test_c_viewer_post_vehicle_403" time="0.118" /><testcase classname="tests.test_iter30_viewer_vor_repairs_weekly.TestViewerRole" name="test_d_viewer_put_vehicle_403" time="0.106" /><testcase classname="tests.test_iter30_viewer_vor_repairs_weekly.TestViewerRole" name="test_e_viewer_delete_vehicle_403" time="0.103" /><testcase classname="tests.test_iter30_viewer_vor_repairs_weekly.TestViewerRole" name="test_f_viewer_write_repair_403" time="0.103" /><testcase classname="tests.test_iter30_viewer_vor_repairs_weekly.TestViewerRole" name="test_g_viewer_weekly_write_403" time="0.108" /><testcase classname="tests.test_iter30_viewer_vor_repairs_weekly.TestViewerRole" name="test_h_viewer_vor_write_403" time="0.110" /><testcase classname="tests.test_iter30_viewer_vor_repairs_weekly.TestViewerRole" name="test_i_owner_manager_not_blocked" time="0.215" /><testcase classname="tests.test_iter30_viewer_vor_repairs_weekly.TestViewerRole" name="test_j_normal_manager_invite_still_works" time="0.284" /><testcase classname="tests.test_iter30_viewer_vor_repairs_weekly.TestWeeklyMidWeekStart" name="test_tuesday_not_snapped" time="0.207" /><testcase classname="tests.test_iter30_viewer_vor_repairs_weekly.TestWeeklyMidWeekStart" name="test_thursday_not_snapped" time="0.215" /><testcase classname="tests.test_iter30_viewer_vor_repairs_weekly.TestWeeklyMidWeekStart" name="test_pdf_generates" time="0.339" /><testcase classname="tests.test_iter30_viewer_vor_repairs_weekly.TestVOR" name="test_set_and_clear_vor" time="0.837" /><testcase classname="tests.test_iter30_viewer_vor_repairs_weekly.TestRepairs" name="test_repairs_crud" time="0.725" /></testsuite></testsuites>