<?xml version="1.0" encoding="utf-8"?><testsuites name="pytest tests"><testsuite name="pytest" errors="0" failures="0" skipped="1" tests="8" time="3.960" timestamp="2026-07-27T18:24:16.480241+00:00" hostname="agent-env-85e5ff70-2ba2-4cc5-bcaf-01dfad592bba"><testcase classname="tests.test_iter32_vor_sold.TestVorExcludesCompliance" name="test_vor_removes_overdue_pmi_from_score" time="0.996" /><testcase classname="tests.test_iter32_vor_sold.TestSoldVehicle" name="test_sold_endpoint_persists_and_excludes" time="0.653" /><testcase classname="tests.test_iter32_vor_sold.TestSoldVehicle" name="test_sold_clears_vor" time="0.318" /><testcase classname="tests.test_iter32_vor_sold.TestRetention" name="test_offroad_sold_category_present" time="0.488" /><testcase classname="tests.test_iter32_vor_sold.TestTrailerSold" name="test_trailer_sold_excluded" time="0.309" /><testcase classname="tests.test_iter32_vor_sold.TestViewerGuard" name="test_viewer_cannot_write" time="0.480"><skipped type="pytest.skip" message="No self role change endpoint; cannot test viewer guard directly (got 404)">/app/backend/tests/test_iter32_vor_sold.py:207: No self role change endpoint; cannot test viewer guard directly (got 404)</skipped></testcase><testcase classname="tests.test_iter32_vor_sold.TestPdfEscaping" name="test_pdf_with_special_chars_in_sold_notes" time="0.267" /><testcase classname="tests.test_iter32_vor_sold.TestLicenceCheckRecompute" name="test_headline_updates_on_insert_delete" time="0.360" /></testsuite></testsuites>