<?xml version="1.0" encoding="utf-8"?><testsuites name="pytest tests"><testsuite name="pytest" errors="0" failures="0" skipped="0" tests="8" time="2.606" timestamp="2026-07-18T20:51:32.747669+00:00" hostname="agent-env-85e5ff70-2ba2-4cc5-bcaf-01dfad592bba"><testcase classname="tests.test_iter23_walkaround_checklist" name="test_login_ok" time="0.567" /><testcase classname="tests.test_iter23_walkaround_checklist" name="test_create_walkaround_nil_defect_with_checklist" time="0.148" /><testcase classname="tests.test_iter23_walkaround_checklist" name="test_create_walkaround_defects_found_with_checklist" time="0.108" /><testcase classname="tests.test_iter23_walkaround_checklist" name="test_list_walkarounds_includes_checklist" time="0.138" /><testcase classname="tests.test_iter23_walkaround_checklist" name="test_rectify_defects_found_walkaround" time="0.189" /><testcase classname="tests.test_iter23_walkaround_checklist" name="test_walkaround_pdf_report" time="0.583" /><testcase classname="tests.test_iter23_walkaround_checklist" name="test_walkaround_report_json_has_checks_column" time="0.104" /><testcase classname="tests.test_iter23_walkaround_checklist" name="test_cleanup" time="0.225" /></testsuite></testsuites>