<?xml version="1.0" encoding="utf-8"?><testsuites name="pytest tests"><testsuite name="pytest" errors="0" failures="0" skipped="0" tests="13" time="8.890" timestamp="2026-07-08T12:28:38.015196+00:00" hostname="agent-env-85e5ff70-2ba2-4cc5-bcaf-01dfad592bba"><testcase classname="tests.backend_test.TestCalendarEvents" name="test_create_appears_and_delete" time="2.493" /><testcase classname="tests.backend_test.TestTacho" name="test_create_list_edit_delete_and_statuses" time="3.397" /><testcase classname="tests.backend_test.TestCalendarEvents" name="test_create_requires_auth" time="0.102" /><testcase classname="tests.backend_test.TestCalendarEvents" name="test_delete_requires_auth" time="0.113" /><testcase classname="tests.backend_test.TestTachoDedupBug" name="test_dashboard_dedupes_to_latest_per_reference" time="1.144" /><testcase classname="tests.backend_test.TestTacho" name="test_log_download_advances_next_due" time="0.617" /><testcase classname="tests.backend_test.TestTachoDedupBug" name="test_calendar_dedupes_tacho_to_latest" time="0.687" /><testcase classname="tests.backend_test.TestTacho" name="test_log_download_missing_record_returns_404" time="0.127" /><testcase classname="tests.backend_test.TestTacho" name="test_edit_missing_returns_404" time="0.102" /><testcase classname="tests.backend_test.TestTacho" name="test_requires_auth" time="0.416" /><testcase classname="tests.backend_test.TestInsurance" name="test_create_list_edit_delete_and_statuses" time="2.681" /><testcase classname="tests.backend_test.TestTacho" name="test_dashboard_and_calendar_include_tacho" time="0.737" /><testcase classname="tests.backend_test.TestTacho" name="test_isolation_between_users" time="1.856" /></testsuite></testsuites>