<?xml version="1.0" encoding="utf-8"?><testsuites name="pytest tests"><testsuite name="pytest" errors="0" failures="0" skipped="0" tests="4" time="4.480" timestamp="2026-07-08T11:12:49.787689+00:00" hostname="agent-env-85e5ff70-2ba2-4cc5-bcaf-01dfad592bba"><testcase classname="tests.backend_test.TestInsurance" name="test_create_list_edit_delete_and_statuses" time="2.376" /><testcase classname="tests.backend_test.TestInsurance" name="test_edit_missing_returns_404" time="0.100" /><testcase classname="tests.backend_test.TestInsurance" name="test_requires_auth" time="0.204" /><testcase classname="tests.backend_test.TestInsurance" name="test_insurance_isolation_between_users" time="1.116" /></testsuite></testsuites>