<?xml version="1.0" encoding="utf-8"?><testsuites name="pytest tests"><testsuite name="pytest" errors="0" failures="0" skipped="0" tests="10" time="2.204" timestamp="2026-07-25T23:30:47.718102+00:00" hostname="agent-env-85e5ff70-2ba2-4cc5-bcaf-01dfad592bba"><testcase classname="tests.test_iter31_features.TestLicenceChecks" name="test_list_licence_checks" time="0.531" /><testcase classname="tests.test_iter31_features.TestLicenceChecks" name="test_create_licence_check_syncs_driver" time="0.190" /><testcase classname="tests.test_iter31_features.TestLicenceChecks" name="test_delete_licence_check" time="0.097" /><testcase classname="tests.test_iter31_features.TestVehicleHistoryPack" name="test_pdf_summary" time="0.526" /><testcase classname="tests.test_iter31_features.TestVehicleHistoryPack" name="test_pdf_include_files" time="0.414" /><testcase classname="tests.test_iter31_features.TestVehicleHistoryPack" name="test_json_report_sections" time="0.049" /><testcase classname="tests.test_iter31_features.TestVehicleHistoryPack" name="test_case_space_insensitive" time="0.099" /><testcase classname="tests.test_iter31_features.TestVehicleHistoryPack" name="test_unknown_reg_404" time="0.046" /><testcase classname="tests.test_iter31_features.TestRecordsRetention" name="test_retention_shape" time="0.051" /><testcase classname="tests.test_iter31_features.TestTestHistoryData" name="test_get_test_history" time="0.119" /></testsuite></testsuites>