<?xml version="1.0" encoding="utf-8"?><testsuites name="pytest tests"><testsuite name="pytest" errors="0" failures="0" skipped="0" tests="10" time="43.843" timestamp="2026-07-10T07:17:41.779960+00:00" hostname="agent-env-85e5ff70-2ba2-4cc5-bcaf-01dfad592bba"><testcase classname="tests.test_iter21_tacho_analyser" name="test_draft_new_letter_templates[Driver Infringement]" time="10.836" /><testcase classname="tests.test_iter21_tacho_analyser" name="test_draft_new_letter_templates[Infringement Report]" time="6.476" /><testcase classname="tests.test_iter21_tacho_analyser" name="test_draft_new_letter_templates[Attestation Record]" time="8.686" /><testcase classname="tests.test_iter21_tacho_analyser" name="test_draft_new_letter_templates[Indoctrination Document]" time="7.613" /><testcase classname="tests.test_iter21_tacho_analyser" name="test_draft_new_letter_templates[Adhoc Note]" time="2.726" /><testcase classname="tests.test_iter21_tacho_analyser" name="test_draft_new_letter_templates[Warning Letter]" time="3.979" /><testcase classname="tests.test_iter21_tacho_analyser" name="test_analyse_creates_persisted_analysis" time="2.672" /><testcase classname="tests.test_iter21_tacho_analyser" name="test_analyse_unauth" time="0.104" /><testcase classname="tests.test_iter21_tacho_analyser" name="test_analyse_bad_file" time="0.097" /><testcase classname="tests.test_iter21_tacho_analyser" name="test_list_analyses_requires_auth" time="0.100" /></testsuite></testsuites>