<?xml version="1.0" encoding="utf-8"?><testsuites name="pytest tests"><testsuite name="pytest" errors="0" failures="0" skipped="0" tests="9" time="4.619" timestamp="2026-07-19T07:38:07.991210+00:00" hostname="agent-env-85e5ff70-2ba2-4cc5-bcaf-01dfad592bba"><testcase classname="tests.test_iter27_pmi_interim_and_sheet.TestTrainingRegression" name="test_training_list_200" time="0.617" /><testcase classname="tests.test_iter27_pmi_interim_and_sheet.TestTrainingRegression" name="test_training_create" time="0.313" /><testcase classname="tests.test_iter27_pmi_interim_and_sheet.TestInterimInspection" name="test_interim_creates_record_no_schedule_change" time="0.416" /><testcase classname="tests.test_iter27_pmi_interim_and_sheet.TestInterimInspection" name="test_interim_missing_vehicle_reg_400_or_422" time="0.100" /><testcase classname="tests.test_iter27_pmi_interim_and_sheet.TestInterimInspection" name="test_interim_fail_creates_alert" time="0.439" /><testcase classname="tests.test_iter27_pmi_interim_and_sheet.TestPMISheetPDF" name="test_sheet_pdf_for_interim" time="0.710" /><testcase classname="tests.test_iter27_pmi_interim_and_sheet.TestPMISheetPDF" name="test_sheet_pdf_for_routine" time="1.015" /><testcase classname="tests.test_iter27_pmi_interim_and_sheet.TestPMISheetPDF" name="test_sheet_pdf_include_files" time="0.627" /><testcase classname="tests.test_iter27_pmi_interim_and_sheet.TestRoutineComplete" name="test_complete_advances_next_due_and_stamps_type" time="0.301" /></testsuite></testsuites>