<?xml version="1.0" encoding="utf-8"?><testsuites name="pytest tests"><testsuite name="pytest" errors="0" failures="0" skipped="0" tests="15" time="4.660" timestamp="2026-07-09T18:46:19.796609+00:00" hostname="agent-env-85e5ff70-2ba2-4cc5-bcaf-01dfad592bba"><testcase classname="tests.test_iter20_reports.TestVehicleType" name="test_create_with_type_lgv" time="0.897" /><testcase classname="tests.test_iter20_reports" name="test_report_returns_pdf[vehicles]" time="1.156" /><testcase classname="tests.test_iter20_reports.TestVehicleType" name="test_update_type_to_car" time="0.164" /><testcase classname="tests.test_iter20_reports.TestVehicleType" name="test_cleanup_delete" time="0.055" /><testcase classname="tests.test_iter20_reports" name="test_report_returns_pdf[trailers]" time="0.365" /><testcase classname="tests.test_iter20_reports" name="test_report_returns_pdf[drivers]" time="0.361" /><testcase classname="tests.test_iter20_reports" name="test_report_returns_pdf[defects]" time="0.319" /><testcase classname="tests.test_iter20_reports" name="test_report_returns_pdf[service]" time="0.355" /><testcase classname="tests.test_iter20_reports" name="test_report_returns_pdf[wheel]" time="0.315" /><testcase classname="tests.test_iter20_reports" name="test_report_returns_pdf[walkaround]" time="0.308" /><testcase classname="tests.test_iter20_reports" name="test_report_returns_pdf[pmi]" time="0.375" /><testcase classname="tests.test_iter20_reports" name="test_report_unknown_kind_404" time="0.045" /><testcase classname="tests.test_iter20_reports" name="test_report_requires_auth" time="0.118" /><testcase classname="tests.test_iter20_reports" name="test_pmi_history_report" time="0.378" /><testcase classname="tests.test_iter20_reports" name="test_pmi_history_unknown_id" time="0.051" /></testsuite></testsuites>