<?xml version="1.0" encoding="utf-8"?><testsuites name="pytest tests"><testsuite name="pytest" errors="0" failures="0" skipped="0" tests="15" time="4.336" timestamp="2026-07-20T06:57:06.711363+00:00" hostname="agent-env-85e5ff70-2ba2-4cc5-bcaf-01dfad592bba"><testcase classname="tests.test_iter28_weekly_walkaround.TestWeeklyManagerCRUD" name="test_list_endpoint_returns_list" time="0.566" /><testcase classname="tests.test_iter28_weekly_walkaround.TestWeeklyManagerCRUD" name="test_create_sheet" time="0.183" /><testcase classname="tests.test_iter28_weekly_walkaround.TestWeeklyManagerCRUD" name="test_create_is_idempotent_same_week" time="0.195" /><testcase classname="tests.test_iter28_weekly_walkaround.TestWeeklyManagerCRUD" name="test_week_start_snaps_to_monday" time="0.194" /><testcase classname="tests.test_iter28_weekly_walkaround.TestWeeklyManagerCRUD" name="test_update_full_editor" time="0.284" /><testcase classname="tests.test_iter28_weekly_walkaround.TestWeeklyManagerCRUD" name="test_pdf_sheet_endpoint" time="0.578" /><testcase classname="tests.test_iter28_weekly_walkaround.TestWeeklyManagerCRUD" name="test_pdf_sheet_404_for_missing" time="0.095" /><testcase classname="tests.test_iter28_weekly_walkaround.TestWeeklyDriverFlow" name="test_driver_gets_or_creates_current_week" time="0.464" /><testcase classname="tests.test_iter28_weekly_walkaround.TestWeeklyDriverFlow" name="test_driver_submit_day_upserts_same_sheet_and_creates_alert" time="0.870" /><testcase classname="tests.test_iter28_weekly_walkaround.TestWeeklyDriverFlow" name="test_second_driver_submit_does_not_create_new_sheet" time="0.182" /><testcase classname="tests.test_iter28_weekly_walkaround.TestAuthIsolation" name="test_manager_token_rejected_on_driver_endpoint" time="0.089" /><testcase classname="tests.test_iter28_weekly_walkaround.TestAuthIsolation" name="test_driver_token_rejected_on_manager_endpoint" time="0.086" /><testcase classname="tests.test_iter28_weekly_walkaround.TestAuthIsolation" name="test_unauth_rejected" time="0.088" /><testcase classname="tests.test_iter28_weekly_walkaround.TestDailyWalkaroundRegression" name="test_manager_list_daily" time="0.099" /><testcase classname="tests.test_iter28_weekly_walkaround.TestDailyWalkaroundRegression" name="test_driver_daily_submit" time="0.279" /></testsuite></testsuites>