<?xml version="1.0" encoding="utf-8"?><testsuites name="pytest tests"><testsuite name="pytest" errors="0" failures="0" skipped="0" tests="12" time="1.961" timestamp="2026-07-18T22:31:12.841635+00:00" hostname="agent-env-85e5ff70-2ba2-4cc5-bcaf-01dfad592bba"><testcase classname="tests.test_iter26_overdue_alerts_and_trend.TestOverdueGeneration" name="test_alerts_endpoint_returns_list" time="0.465" /><testcase classname="tests.test_iter26_overdue_alerts_and_trend.TestOverdueGeneration" name="test_overdue_alerts_present" time="0.049" /><testcase classname="tests.test_iter26_overdue_alerts_and_trend.TestOverdueGeneration" name="test_severity_mapping_mot_safety_critical" time="0.053" /><testcase classname="tests.test_iter26_overdue_alerts_and_trend.TestDedupStability" name="test_repeated_calls_no_duplicates" time="0.151" /><testcase classname="tests.test_iter26_overdue_alerts_and_trend.TestDedupStability" name="test_unread_count_endpoint" time="0.059" /><testcase classname="tests.test_iter26_overdue_alerts_and_trend.TestComplianceHistory" name="test_dashboard_records_snapshot" time="0.055" /><testcase classname="tests.test_iter26_overdue_alerts_and_trend.TestComplianceHistory" name="test_history_returns_snapshot" time="0.113" /><testcase classname="tests.test_iter26_overdue_alerts_and_trend.TestComplianceHistory" name="test_history_upserts_same_day" time="0.226" /><testcase classname="tests.test_iter26_overdue_alerts_and_trend.TestReminders" name="test_get_settings" time="0.059" /><testcase classname="tests.test_iter26_overdue_alerts_and_trend.TestReminders" name="test_put_settings_saves_recipient" time="0.144" /><testcase classname="tests.test_iter26_overdue_alerts_and_trend.TestReminders" name="test_send_reminders_no_500_bug" time="0.298" /><testcase classname="tests.test_iter26_overdue_alerts_and_trend.TestReminders" name="test_run_scheduled_no_500_bug" time="0.200" /></testsuite></testsuites>