<?xml version="1.0" encoding="utf-8"?><testsuites name="pytest tests"><testsuite name="pytest" errors="0" failures="0" skipped="0" tests="19" time="11.051" timestamp="2026-07-08T14:58:40.341381+00:00" hostname="agent-env-85e5ff70-2ba2-4cc5-bcaf-01dfad592bba"><testcase classname="tests.test_new_compliance.TestWalkarounds" name="test_requires_auth" time="0.621" /><testcase classname="tests.test_new_compliance.TestExportAndReminders" name="test_export_account_returns_pdf" time="0.704" /><testcase classname="tests.test_new_compliance.TestExportAndReminders" name="test_export_driver_pdf" time="0.488" /><testcase classname="tests.test_new_compliance.TestWalkarounds" name="test_crud_lifecycle" time="1.529" /><testcase classname="tests.test_new_compliance.TestExportAndReminders" name="test_reminders_settings_get_put" time="0.267" /><testcase classname="tests.test_new_compliance.TestExportAndReminders" name="test_reminders_send_smoke" time="0.107" /><testcase classname="tests.test_new_compliance.TestDefectRectify" name="test_rectify_marks_and_persists" time="5.386" /><testcase classname="tests.test_new_compliance.TestWalkarounds" name="test_edit_missing_returns_404" time="2.922" /><testcase classname="tests.test_new_compliance.TestTestHistory" name="test_requires_auth" time="0.225" /><testcase classname="tests.test_new_compliance.TestTestHistory" name="test_crud_lifecycle" time="0.644" /><testcase classname="tests.test_new_compliance.TestTestHistory" name="test_edit_missing_returns_404" time="0.112" /><testcase classname="tests.test_new_compliance.TestWheelAudits" name="test_requires_auth" time="0.131" /><testcase classname="tests.test_new_compliance.TestWheelAudits" name="test_crud_lifecycle_and_status_computed" time="0.827" /><testcase classname="tests.test_new_compliance.TestDefectRectify" name="test_rectify_missing_returns_404" time="0.103" /><testcase classname="tests.test_new_compliance.TestWheelAudits" name="test_edit_missing_returns_404" time="0.107" /><testcase classname="tests.test_new_compliance.TestDefectRectify" name="test_rectify_requires_auth" time="0.100" /><testcase classname="tests.test_new_compliance.TestNewDocumentTypes" name="test_create_all_new_doc_types" time="1.498" /><testcase classname="tests.test_new_compliance.TestGapDetection" name="test_gap_checklist_covers_new_areas" time="3.281" /><testcase classname="tests.test_new_compliance.TestPMIBrakeTest" name="test_brake_test_persisted_on_complete" time="0.434" /></testsuite></testsuites>