<?xml version="1.0" encoding="utf-8"?><testsuites name="pytest tests"><testsuite name="pytest" errors="0" failures="0" skipped="0" tests="17" time="3.526" timestamp="2026-07-18T21:31:35.830633+00:00" hostname="agent-env-85e5ff70-2ba2-4cc5-bcaf-01dfad592bba"><testcase classname="tests.test_driver_app.TestAccessCodeIssuance" name="test_issue_access_code" time="0.974" /><testcase classname="tests.test_driver_app.TestAccessCodeIssuance" name="test_regenerate_changes_code" time="0.117" /><testcase classname="tests.test_driver_app.TestDriverLogin" name="test_login_invalid_code" time="0.131" /><testcase classname="tests.test_driver_app.TestDriverLogin" name="test_login_missing_code" time="0.110" /><testcase classname="tests.test_driver_app.TestDriverLogin" name="test_login_success" time="0.108" /><testcase classname="tests.test_driver_app.TestDriverLogin" name="test_login_lowercase_code_accepted" time="0.100" /><testcase classname="tests.test_driver_app.TestDriverEndpoints" name="test_driver_me" time="0.112" /><testcase classname="tests.test_driver_app.TestDriverEndpoints" name="test_driver_vehicle" time="0.112" /><testcase classname="tests.test_driver_app.TestDriverEndpoints" name="test_driver_vehicles_list" time="0.102" /><testcase classname="tests.test_driver_app.TestDriverSubmissions" name="test_driver_submits_walkaround" time="0.194" /><testcase classname="tests.test_driver_app.TestDriverSubmissions" name="test_driver_submits_defect" time="0.228" /><testcase classname="tests.test_driver_app.TestDriverSubmissions" name="test_driver_upload" time="0.530" /><testcase classname="tests.test_driver_app.TestSecurity" name="test_manager_token_rejected_on_driver_endpoint" time="0.101" /><testcase classname="tests.test_driver_app.TestSecurity" name="test_driver_token_rejected_on_manager_endpoint" time="0.127" /><testcase classname="tests.test_driver_app.TestSecurity" name="test_no_token_on_driver_me" time="0.099" /><testcase classname="tests.test_driver_app.TestSecurity" name="test_manager_token_rejected_on_driver_walkaround" time="0.106" /><testcase classname="tests.test_driver_app" name="test_cleanup" time="0.206" /></testsuite></testsuites>