<?xml version="1.0" encoding="utf-8"?><testsuites name="pytest tests"><testsuite name="pytest" errors="0" failures="0" skipped="0" tests="11" time="6.817" timestamp="2026-07-08T16:07:15.889679+00:00" hostname="agent-env-85e5ff70-2ba2-4cc5-bcaf-01dfad592bba"><testcase classname="tests.test_iter13_features.TestFuelAndEmissions" name="test_requires_auth" time="0.688" /><testcase classname="tests.test_iter13_features.TestDocumentRegenerate" name="test_generate_then_regenerate_bumps_version" time="3.619" /><testcase classname="tests.test_iter13_features.TestFuelAndEmissions" name="test_single_fill_has_no_mpg_but_has_co2" time="0.770" /><testcase classname="tests.test_iter13_features.TestFuelAndEmissions" name="test_second_fill_computes_mpg_and_summary_totals" time="1.418" /><testcase classname="tests.test_iter13_features.TestFuelAndEmissions" name="test_update_missing_returns_404" time="0.122" /><testcase classname="tests.test_iter13_features.TestCalendarPMIRecurring" name="test_pmi_projects_multiple_events_at_frequency" time="0.426" /><testcase classname="tests.test_iter13_features.TestCalendarPMIRecurring" name="test_pmi_freq_4_weeks_gives_more_events" time="0.418" /><testcase classname="tests.test_iter13_features.TestDocumentRegenerate" name="test_regenerate_missing_returns_404" time="0.157" /><testcase classname="tests.test_iter13_features.TestDocumentRegenerate" name="test_regenerate_requires_auth" time="0.129" /><testcase classname="tests.test_iter13_features.TestDocumentLinkUrl" name="test_create_document_with_link_url_persists" time="0.773" /><testcase classname="tests.test_iter13_features.TestRegressionSmoke" name="test_core_endpoints_still_work" time="1.502" /></testsuite></testsuites>