<?xml version="1.0" encoding="utf-8"?><testsuites name="pytest tests"><testsuite name="pytest" errors="0" failures="1" skipped="0" tests="14" time="6.233" timestamp="2026-07-08T18:50:46.252787+00:00" hostname="agent-env-85e5ff70-2ba2-4cc5-bcaf-01dfad592bba"><testcase classname="tests.test_iter18_invitations.TestInvitationList" name="test_list_contains_pending_invite_with_token" time="1.392" /><testcase classname="tests.test_iter18_invitations.TestInvitationCreate" name="test_create_invitation_returns_link_and_id" time="1.246" /><testcase classname="tests.test_iter18_invitations.TestInvitationCreate" name="test_create_requires_auth" time="0.097" /><testcase classname="tests.test_iter18_invitations.TestInvitationCreate" name="test_create_duplicate_email_existing_user_returns_400" time="1.285"><failure message="assert 200 == 400&#10; +  where 200 = &lt;Response [200]&gt;.status_code">backend/tests/test_iter18_invitations.py:81: in test_create_duplicate_email_existing_user_returns_400
    assert r.status_code == 400
E   assert 200 == 400
E    +  where 200 = &lt;Response [200]&gt;.status_code</failure></testcase><testcase classname="tests.test_iter18_invitations.TestInvitationList" name="test_list_requires_auth" time="0.529" /><testcase classname="tests.test_iter18_invitations.TestInvitationList" name="test_list_scoped_to_inviter" time="0.924" /><testcase classname="tests.test_iter18_invitations.TestInvitationCreate" name="test_create_invalid_email_returns_422" time="0.141" /><testcase classname="tests.test_iter18_invitations.TestAcceptInvite" name="test_accept_invite_creates_user_and_seeds_template" time="2.125" /><testcase classname="tests.test_iter18_invitations.TestInvitationRevoke" name="test_revoke_removes_invite" time="0.529" /><testcase classname="tests.test_iter18_invitations.TestInvitationRevoke" name="test_revoke_requires_auth" time="0.192" /><testcase classname="tests.test_iter18_invitations.TestInvitationVerify" name="test_verify_valid_token" time="0.722" /><testcase classname="tests.test_iter18_invitations.TestInvitationVerify" name="test_verify_invalid_token_returns_404" time="0.094" /><testcase classname="tests.test_iter18_invitations.TestAcceptInvite" name="test_accept_short_password_rejected" time="0.637" /><testcase classname="tests.test_iter18_invitations.TestAcceptInvite" name="test_accept_invalid_token_rejected" time="0.098" /></testsuite></testsuites>