<?xml version="1.0" encoding="utf-8"?><testsuites name="pytest tests"><testsuite name="pytest" errors="0" failures="0" skipped="0" tests="8" time="3.874" timestamp="2026-07-18T21:32:20.154764+00:00" hostname="agent-env-85e5ff70-2ba2-4cc5-bcaf-01dfad592bba"><testcase classname="tests.test_iter25_pmi_checklist.TestAuthRegression" name="test_driver_token_rejected_on_manager_vehicles" time="0.808" /><testcase classname="tests.test_iter25_pmi_checklist.TestAuthRegression" name="test_driver_token_rejected_on_manager_drivers" time="0.099" /><testcase classname="tests.test_iter25_pmi_checklist.TestAuthRegression" name="test_driver_token_rejected_on_pmi" time="0.102" /><testcase classname="tests.test_iter25_pmi_checklist.TestAuthRegression" name="test_manager_token_rejected_on_driver_me" time="0.132" /><testcase classname="tests.test_iter25_pmi_checklist.TestAuthRegression" name="test_manager_token_works_on_manager_endpoint" time="0.105" /><testcase classname="tests.test_iter25_pmi_checklist.TestPMIComplete" name="test_complete_persists_checklist_and_rectified_by" time="0.761" /><testcase classname="tests.test_iter25_pmi_checklist.TestPMIComplete" name="test_next_due_updates" time="0.613" /><testcase classname="tests.test_iter25_pmi_checklist.TestPMIComplete" name="test_history_pdf_returns_pdf" time="1.175" /></testsuite></testsuites>