<?xml version="1.0" encoding="utf-8"?><testsuites name="pytest tests"><testsuite name="pytest" errors="0" failures="0" skipped="0" tests="11" time="4.776" timestamp="2026-07-08T17:51:29.552701+00:00" hostname="agent-env-85e5ff70-2ba2-4cc5-bcaf-01dfad592bba"><testcase classname="tests.test_iter14_features.TestWalkaroundRectify" name="test_rectify_sets_flags_and_persists" time="1.309" /><testcase classname="tests.test_iter14_features.TestDataIsolation" name="test_new_user_sees_empty_lists" time="2.902" /><testcase classname="tests.test_iter14_features.TestWalkaroundRectify" name="test_rectify_defaults_date_when_missing" time="0.442" /><testcase classname="tests.test_iter14_features.TestWalkaroundRectify" name="test_rectify_404_when_not_found" time="0.105" /><testcase classname="tests.test_iter14_features.TestWalkaroundRectify" name="test_rectify_requires_auth" time="0.468" /><testcase classname="tests.test_iter14_features.TestRegressionSmoke" name="test_nil_defect_walkaround_has_no_rectify_flag" time="0.288" /><testcase classname="tests.test_iter14_features.TestRegressionSmoke" name="test_maintenance_tab_endpoints_load" time="0.576" /><testcase classname="tests.test_iter14_features.TestDataIsolation" name="test_new_user_calendar_empty" time="0.104" /><testcase classname="tests.test_iter14_features.TestDataIsolation" name="test_new_user_dashboard_zero_counts" time="0.127" /><testcase classname="tests.test_iter14_features.TestDataIsolation" name="test_isolation_new_user_data_not_visible_to_manager" time="1.076" /><testcase classname="tests.test_iter14_features.TestDataIsolation" name="test_manager_still_has_own_data" time="0.099" /></testsuite></testsuites>