<?xml version="1.0" encoding="utf-8"?><testsuites name="pytest tests"><testsuite name="pytest" errors="0" failures="0" skipped="0" tests="5" time="16.600" timestamp="2026-07-08T18:02:08.705387+00:00" hostname="agent-env-85e5ff70-2ba2-4cc5-bcaf-01dfad592bba"><testcase classname="tests.test_iter15_tacho_gap.TestVehicleUnitTachoGapFix" name="test_no_false_positive_when_ref_case_differs" time="8.323" /><testcase classname="tests.test_iter15_tacho_gap.TestDriverCardTachoGapFix" name="test_no_false_positive_when_reference_case_and_whitespace_differ" time="8.487" /><testcase classname="tests.test_iter15_tacho_gap.TestVehicleUnitTachoGapFix" name="test_positive_case_still_fires_for_vehicle_without_download" time="3.545" /><testcase classname="tests.test_iter15_tacho_gap.TestDriverCardTachoGapFix" name="test_positive_case_still_fires_when_no_matching_download" time="3.968" /><testcase classname="tests.test_iter15_tacho_gap.TestRiskInsightRegression" name="test_risk_insight_shape_and_other_gaps" time="3.569" /></testsuite></testsuites>