<?xml version="1.0" encoding="utf-8"?><testsuites name="pytest tests"><testsuite name="pytest" errors="0" failures="1" skipped="0" tests="17" time="3.367" timestamp="2026-07-18T21:16:43.271060+00:00" hostname="agent-env-85e5ff70-2ba2-4cc5-bcaf-01dfad592bba"><testcase classname="tests.test_driver_app.TestAccessCodeIssuance" name="test_issue_access_code" time="0.832" /><testcase classname="tests.test_driver_app.TestAccessCodeIssuance" name="test_regenerate_changes_code" time="0.103" /><testcase classname="tests.test_driver_app.TestDriverLogin" name="test_login_invalid_code" time="0.098" /><testcase classname="tests.test_driver_app.TestDriverLogin" name="test_login_missing_code" time="0.113" /><testcase classname="tests.test_driver_app.TestDriverLogin" name="test_login_success" time="0.112" /><testcase classname="tests.test_driver_app.TestDriverLogin" name="test_login_lowercase_code_accepted" time="0.131" /><testcase classname="tests.test_driver_app.TestDriverEndpoints" name="test_driver_me" time="0.117" /><testcase classname="tests.test_driver_app.TestDriverEndpoints" name="test_driver_vehicle" time="0.120" /><testcase classname="tests.test_driver_app.TestDriverEndpoints" name="test_driver_vehicles_list" time="0.100" /><testcase classname="tests.test_driver_app.TestDriverSubmissions" name="test_driver_submits_walkaround" time="0.201" /><testcase classname="tests.test_driver_app.TestDriverSubmissions" name="test_driver_submits_defect" time="0.197" /><testcase classname="tests.test_driver_app.TestDriverSubmissions" name="test_driver_upload" time="0.463" /><testcase classname="tests.test_driver_app.TestSecurity" name="test_manager_token_rejected_on_driver_endpoint" time="0.128" /><testcase classname="tests.test_driver_app.TestSecurity" name="test_driver_token_rejected_on_manager_endpoint" time="0.104"><failure message="AssertionError: Expected 401/403, got 200&#10;assert 200 in (401, 403)&#10; +  where 200 = &lt;Response [200]&gt;.status_code">backend/tests/test_driver_app.py:231: in test_driver_token_rejected_on_manager_endpoint
    assert r.status_code in (401, 403), f"Expected 401/403, got {r.status_code}"
E   AssertionError: Expected 401/403, got 200
E   assert 200 in (401, 403)
E    +  where 200 = &lt;Response [200]&gt;.status_code</failure></testcase><testcase classname="tests.test_driver_app.TestSecurity" name="test_no_token_on_driver_me" time="0.113" /><testcase classname="tests.test_driver_app.TestSecurity" name="test_manager_token_rejected_on_driver_walkaround" time="0.104" /><testcase classname="tests.test_driver_app" name="test_cleanup" time="0.232" /></testsuite></testsuites>