<?xml version="1.0" encoding="utf-8"?><testsuites name="pytest tests"><testsuite name="pytest" errors="0" failures="0" skipped="0" tests="11" time="13.727" timestamp="2026-07-08T11:37:11.753265+00:00" hostname="agent-env-85e5ff70-2ba2-4cc5-bcaf-01dfad592bba"><testcase classname="tests.backend_test.TestRegion" name="test_default_region_is_uk_on_register" time="0.802" /><testcase classname="tests.backend_test.TestInsurance" name="test_create_list_edit_delete_and_statuses" time="3.238" /><testcase classname="tests.backend_test.TestRegion" name="test_switch_region_persists" time="0.715" /><testcase classname="tests.backend_test.TestRegion" name="test_invalid_region_rejected" time="0.102" /><testcase classname="tests.backend_test.TestRegion" name="test_region_requires_auth" time="0.313" /><testcase classname="tests.backend_test.TestRegion" name="test_insurance_isolation_between_users" time="1.145" /><testcase classname="tests.backend_test.TestInsurance" name="test_edit_missing_returns_404" time="0.101" /><testcase classname="tests.backend_test.TestInsurance" name="test_requires_auth" time="0.232" /><testcase classname="tests.backend_test.TestInsurance" name="test_ai_import_creates_policy_from_text_certificate" time="4.544" /><testcase classname="tests.backend_test.TestInsurance" name="test_ai_import_requires_auth" time="0.102" /><testcase classname="tests.backend_test.TestInsurance" name="test_ai_import_multiple_files" time="4.800" /></testsuite></testsuites>